<?xml version="1.0" encoding="UTF-8"?>
<!-- Generated by org.testng.reporters.JUnitXMLReporter -->
<testsuite ignored="1" hostname="DESKTOP-URQU8A8" failures="1" tests="11" name="Test" time="0.125" errors="0" timestamp="2023-09-09T15:21:10 PDT">
  <testcase classname="firstpkg.TestScenario" name="secondtestcase" time="0.011"/>
  <testcase classname="firstpkg.TestScenario" name="firsttestcase" time="0.001">
    <failure type="java.lang.Error" message="Unresolved compilation problems: 
	Syntax error, insert &amp;quot;)&amp;quot; to complete MethodInvocation
	Syntax error, insert &amp;quot;;&amp;quot; to complete Statement
">
      <![CDATA[java.lang.Error: Unresolved compilation problems: 
Syntax error, insert ")" to complete MethodInvocation
Syntax error, insert ";" to complete Statement

at firstpkg.TestScenario.firsttestcase(TestScenario.java:14)
at java.base/java.util.ArrayList.forEach(ArrayList.java:1511)
... Removed 27 stack frames]]>
    </failure>
  </testcase> <!-- firsttestcase -->
  <testcase classname="firstpkg.TestScenario" name="foouthtestcase" time="0.009"/>
  <testcase classname="firstpkg.TestScenario" name="thridtestcase" time="0.002"/>
  <testcase classname="firstpkg.TestScenario2" name="firsttestcase" time="0.001"/>
  <testcase classname="firstpkg.TestScenario2" name="foouthtestcase" time="0.002"/>
  <testcase classname="firstpkg.TestScenario2" name="thridtestcase" time="0.002"/>
  <testcase classname="firstpkg.TestScenario3" name="secondtestcase" time="0.001"/>
  <testcase classname="firstpkg.TestScenario3" name="firsttestcase" time="0.002"/>
  <testcase classname="firstpkg.TestScenario3" name="foouthtestcase" time="0.001"/>
  <testcase classname="firstpkg.TestScenario3" name="thridtestcase" time="0.001"/>
  <testcase classname="firstpkg.TestScenario2" name="secondtestcase" time="0.0">
    <ignored/>
  </testcase> <!-- secondtestcase -->
</testsuite> <!-- Test -->
